<?xml version="1.0" encoding="UTF-8"?>
<!-- Generated by org.testng.reporters.JUnitReportReporter -->
<testsuite hostname="DESKTOP-BD6P1VU" failures="0" tests="3" name="test1" time="0.183" errors="0" timestamp="2023-09-22T15:28:27 EET" skipped="0">
  <testcase classname="test1" name="TestLanguage" time="0.041"/>
  <system-out/>
  <testcase classname="test1" name="TestCurrency" time="0.063"/>
  <system-out/>
  <testcase classname="test1" name="hotelTap" time="0.079"/>
  <system-out/>
</testsuite> <!-- test1 -->
