<?xml version="1.0" encoding="UTF-8"?>
<!-- Generated by org.testng.reporters.JUnitReportReporter -->
<testsuite hostname="DESKTOP-BD6P1VU" failures="0" tests="2" name="pro1.test1" time="15.065" errors="0" timestamp="2023-09-21T06:56:41 EET" skipped="0">
  <testcase classname="pro1.test1" name="MySecondTest" time="3.058"/>
  <system-out/>
  <testcase classname="pro1.test1" name="MyTest" time="12.007"/>
  <system-out/>
</testsuite> <!-- pro1.test1 -->
